<?xml version="1.0" encoding="UTF-8"?>
<!-- Generated by org.testng.reporters.JUnitReportReporter -->
<testsuite hostname="LAPTOP-U7KRPENP" failures="0" tests="16" name="sauce.demo.runners.TestRunner" time="65.711" errors="0" timestamp="2026-08-27T12:04:31 IST" skipped="0">
  <testcase classname="sauce.demo.runners.TestRunner" name="runScenario" time="8.151"/>
  <testcase classname="sauce.demo.runners.TestRunner" name="runScenario" time="4.878"/>
  <testcase classname="sauce.demo.runners.TestRunner" name="runScenario" time="4.883"/>
  <testcase classname="sauce.demo.runners.TestRunner" name="runScenario" time="1.608"/>
  <testcase classname="sauce.demo.runners.TestRunner" name="runScenario" time="2.941"/>
  <testcase classname="sauce.demo.runners.TestRunner" name="runScenario" time="4.840"/>
  <testcase classname="sauce.demo.runners.TestRunner" name="runScenario" time="5.504"/>
  <testcase classname="sauce.demo.runners.TestRunner" name="runScenario" time="2.678"/>
  <testcase classname="sauce.demo.runners.TestRunner" name="runScenario" time="6.371"/>
  <testcase classname="sauce.demo.runners.TestRunner" name="runScenario" time="1.644"/>
  <testcase classname="sauce.demo.runners.TestRunner" name="runScenario" time="2.723"/>
  <testcase classname="sauce.demo.runners.TestRunner" name="runScenario" time="4.957"/>
  <testcase classname="sauce.demo.runners.TestRunner" name="runScenario" time="4.916"/>
  <testcase classname="sauce.demo.runners.TestRunner" name="runScenario" time="3.188"/>
  <testcase classname="sauce.demo.runners.TestRunner" name="runScenario" time="4.845"/>
  <testcase classname="sauce.demo.runners.TestRunner" name="runScenario" time="1.584"/>
</testsuite> <!-- sauce.demo.runners.TestRunner -->
